<?xml version="1.0" encoding="UTF-8"?>
<testng-results ignored="0" total="3" passed="3" failed="0" skipped="0">
  <reporter-output>
  </reporter-output>
  <suite started-at="2025-03-28T20:33:58 IST" name="Master" finished-at="2025-03-28T20:34:26 IST" duration-ms="27600">
    <groups>
      <group name="Sanity">
        <method signature="TC001_Login.loginTest()[pri:0, instance:testCases.TC001_Login@19b89d4]" name="loginTest" class="testCases.TC001_Login"/>
        <method signature="TC003_Registration.Register()[pri:0, instance:testCases.TC003_Registration@24c22fe]" name="Register" class="testCases.TC003_Registration"/>
      </group> <!-- Sanity -->
      <group name="Reg">
        <method signature="TC001_Login.loginTest()[pri:0, instance:testCases.TC001_Login@19b89d4]" name="loginTest" class="testCases.TC001_Login"/>
        <method signature="TC002_OrderPlacing.placingMac()[pri:0, instance:testCases.TC002_OrderPlacing@13bc8645]" name="placingMac" class="testCases.TC002_OrderPlacing"/>
      </group> <!-- Reg -->
      <group name="Feature">
        <method signature="TC001_Login.loginTest()[pri:0, instance:testCases.TC001_Login@19b89d4]" name="loginTest" class="testCases.TC001_Login"/>
        <method signature="TC002_OrderPlacing.placingMac()[pri:0, instance:testCases.TC002_OrderPlacing@13bc8645]" name="placingMac" class="testCases.TC002_OrderPlacing"/>
        <method signature="TC003_Registration.Register()[pri:0, instance:testCases.TC003_Registration@24c22fe]" name="Register" class="testCases.TC003_Registration"/>
      </group> <!-- Feature -->
    </groups>
    <test started-at="2025-03-28T20:33:58 IST" name="Test" finished-at="2025-03-28T20:34:26 IST" duration-ms="27600">
      <class name="testCases.TC003_Registration">
        <test-method is-config="true" signature="setup(java.lang.String,java.lang.String)[pri:0, instance:testCases.TC003_Registration@24c22fe]" started-at="2025-03-28T20:34:17 IST" name="setup" finished-at="2025-03-28T20:34:20 IST" duration-ms="2750" status="PASS">
          <params>
            <param index="0">
              <value>
                <![CDATA[chrome]]>
              </value>
            </param>
            <param index="1">
              <value>
                <![CDATA[windows]]>
              </value>
            </param>
          </params>
          <reporter-output>
          </reporter-output>
        </test-method> <!-- setup -->
        <test-method signature="Register()[pri:0, instance:testCases.TC003_Registration@24c22fe]" started-at="2025-03-28T20:34:20 IST" name="Register" finished-at="2025-03-28T20:34:26 IST" duration-ms="5706" status="PASS">
          <reporter-output>
          </reporter-output>
        </test-method> <!-- Register -->
        <test-method is-config="true" signature="tearDown()[pri:0, instance:testCases.TC003_Registration@24c22fe]" started-at="2025-03-28T20:34:26 IST" name="tearDown" finished-at="2025-03-28T20:34:26 IST" duration-ms="175" status="PASS">
          <reporter-output>
          </reporter-output>
        </test-method> <!-- tearDown -->
        <test-method is-config="true" signature="tearDown()[pri:0, instance:testCases.TC003_Registration@24c22fe]" started-at="2025-03-28T20:34:26 IST" name="tearDown" finished-at="2025-03-28T20:34:26 IST" duration-ms="0" status="PASS">
          <reporter-output>
          </reporter-output>
        </test-method> <!-- tearDown -->
      </class> <!-- testCases.TC003_Registration -->
      <class name="testCases.TC002_OrderPlacing">
        <test-method is-config="true" signature="setup(java.lang.String,java.lang.String)[pri:0, instance:testCases.TC002_OrderPlacing@13bc8645]" started-at="2025-03-28T20:34:09 IST" name="setup" finished-at="2025-03-28T20:34:12 IST" duration-ms="2629" status="PASS">
          <params>
            <param index="0">
              <value>
                <![CDATA[chrome]]>
              </value>
            </param>
            <param index="1">
              <value>
                <![CDATA[windows]]>
              </value>
            </param>
          </params>
          <reporter-output>
          </reporter-output>
        </test-method> <!-- setup -->
        <test-method signature="placingMac()[pri:0, instance:testCases.TC002_OrderPlacing@13bc8645]" started-at="2025-03-28T20:34:12 IST" name="placingMac" finished-at="2025-03-28T20:34:17 IST" duration-ms="4695" status="PASS">
          <reporter-output>
          </reporter-output>
        </test-method> <!-- placingMac -->
        <test-method is-config="true" signature="tearDown()[pri:0, instance:testCases.TC002_OrderPlacing@13bc8645]" started-at="2025-03-28T20:34:17 IST" name="tearDown" finished-at="2025-03-28T20:34:17 IST" duration-ms="179" status="PASS">
          <reporter-output>
          </reporter-output>
        </test-method> <!-- tearDown -->
        <test-method is-config="true" signature="tearDown()[pri:0, instance:testCases.TC002_OrderPlacing@13bc8645]" started-at="2025-03-28T20:34:17 IST" name="tearDown" finished-at="2025-03-28T20:34:17 IST" duration-ms="0" status="PASS">
          <reporter-output>
          </reporter-output>
        </test-method> <!-- tearDown -->
      </class> <!-- testCases.TC002_OrderPlacing -->
      <class name="testCases.TC001_Login">
        <test-method is-config="true" signature="setup(java.lang.String,java.lang.String)[pri:0, instance:testCases.TC001_Login@19b89d4]" started-at="2025-03-28T20:33:58 IST" name="setup" finished-at="2025-03-28T20:34:01 IST" duration-ms="2253" status="PASS">
          <params>
            <param index="0">
              <value>
                <![CDATA[chrome]]>
              </value>
            </param>
            <param index="1">
              <value>
                <![CDATA[windows]]>
              </value>
            </param>
          </params>
          <reporter-output>
          </reporter-output>
        </test-method> <!-- setup -->
        <test-method signature="loginTest()[pri:0, instance:testCases.TC001_Login@19b89d4]" started-at="2025-03-28T20:34:01 IST" name="loginTest" finished-at="2025-03-28T20:34:09 IST" duration-ms="8228" status="PASS">
          <reporter-output>
          </reporter-output>
        </test-method> <!-- loginTest -->
        <test-method is-config="true" signature="tearDown()[pri:0, instance:testCases.TC001_Login@19b89d4]" started-at="2025-03-28T20:34:09 IST" name="tearDown" finished-at="2025-03-28T20:34:09 IST" duration-ms="362" status="PASS">
          <reporter-output>
          </reporter-output>
        </test-method> <!-- tearDown -->
        <test-method is-config="true" signature="tearDown()[pri:0, instance:testCases.TC001_Login@19b89d4]" started-at="2025-03-28T20:34:09 IST" name="tearDown" finished-at="2025-03-28T20:34:09 IST" duration-ms="2" status="PASS">
          <reporter-output>
          </reporter-output>
        </test-method> <!-- tearDown -->
      </class> <!-- testCases.TC001_Login -->
    </test> <!-- Test -->
  </suite> <!-- Master -->
</testng-results>
