<?xml version="1.0" encoding="UTF-8"?>
<testng-results ignored="0" total="3" passed="3" failed="0" skipped="0">
  <reporter-output>
  </reporter-output>
  <suite started-at="2025-03-30T23:10:29 IST" name="Master" finished-at="2025-03-30T23:11:00 IST" duration-ms="31671">
    <groups>
      <group name="Sanity">
        <method signature="TC001_Login.loginTest()[pri:0, instance:testCases.TC001_Login@5b67bb7e]" name="loginTest" class="testCases.TC001_Login"/>
        <method signature="TC003_Registration.Register()[pri:0, instance:testCases.TC003_Registration@4397ad89]" name="Register" class="testCases.TC003_Registration"/>
      </group> <!-- Sanity -->
      <group name="Reg">
        <method signature="TC001_Login.loginTest()[pri:0, instance:testCases.TC001_Login@5b67bb7e]" name="loginTest" class="testCases.TC001_Login"/>
        <method signature="TC002_OrderPlacing.placingMac()[pri:0, instance:testCases.TC002_OrderPlacing@341814d3]" name="placingMac" class="testCases.TC002_OrderPlacing"/>
      </group> <!-- Reg -->
      <group name="Feature">
        <method signature="TC001_Login.loginTest()[pri:0, instance:testCases.TC001_Login@5b67bb7e]" name="loginTest" class="testCases.TC001_Login"/>
        <method signature="TC002_OrderPlacing.placingMac()[pri:0, instance:testCases.TC002_OrderPlacing@341814d3]" name="placingMac" class="testCases.TC002_OrderPlacing"/>
        <method signature="TC003_Registration.Register()[pri:0, instance:testCases.TC003_Registration@4397ad89]" name="Register" class="testCases.TC003_Registration"/>
      </group> <!-- Feature -->
    </groups>
    <test started-at="2025-03-30T23:10:29 IST" name="Test" finished-at="2025-03-30T23:11:00 IST" duration-ms="31671">
      <class name="testCases.TC003_Registration">
        <test-method is-config="true" signature="setup(java.lang.String,java.lang.String)[pri:0, instance:testCases.TC003_Registration@4397ad89]" started-at="2025-03-30T23:10:53 IST" name="setup" finished-at="2025-03-30T23:10:55 IST" duration-ms="2261" status="PASS">
          <params>
            <param index="0">
              <value>
                <![CDATA[chrome]]>
              </value>
            </param>
            <param index="1">
              <value>
                <![CDATA[windows]]>
              </value>
            </param>
          </params>
          <reporter-output>
          </reporter-output>
        </test-method> <!-- setup -->
        <test-method signature="Register()[pri:0, instance:testCases.TC003_Registration@4397ad89]" started-at="2025-03-30T23:10:55 IST" name="Register" finished-at="2025-03-30T23:11:00 IST" duration-ms="5069" status="PASS">
          <reporter-output>
          </reporter-output>
        </test-method> <!-- Register -->
        <test-method is-config="true" signature="tearDown()[pri:0, instance:testCases.TC003_Registration@4397ad89]" started-at="2025-03-30T23:11:00 IST" name="tearDown" finished-at="2025-03-30T23:11:00 IST" duration-ms="174" status="PASS">
          <reporter-output>
          </reporter-output>
        </test-method> <!-- tearDown -->
        <test-method is-config="true" signature="tearDown()[pri:0, instance:testCases.TC003_Registration@4397ad89]" started-at="2025-03-30T23:11:00 IST" name="tearDown" finished-at="2025-03-30T23:11:00 IST" duration-ms="0" status="PASS">
          <reporter-output>
          </reporter-output>
        </test-method> <!-- tearDown -->
      </class> <!-- testCases.TC003_Registration -->
      <class name="testCases.TC002_OrderPlacing">
        <test-method is-config="true" signature="setup(java.lang.String,java.lang.String)[pri:0, instance:testCases.TC002_OrderPlacing@341814d3]" started-at="2025-03-30T23:10:44 IST" name="setup" finished-at="2025-03-30T23:10:47 IST" duration-ms="2861" status="PASS">
          <params>
            <param index="0">
              <value>
                <![CDATA[chrome]]>
              </value>
            </param>
            <param index="1">
              <value>
                <![CDATA[windows]]>
              </value>
            </param>
          </params>
          <reporter-output>
          </reporter-output>
        </test-method> <!-- setup -->
        <test-method signature="placingMac()[pri:0, instance:testCases.TC002_OrderPlacing@341814d3]" started-at="2025-03-30T23:10:47 IST" name="placingMac" finished-at="2025-03-30T23:10:52 IST" duration-ms="5359" status="PASS">
          <reporter-output>
          </reporter-output>
        </test-method> <!-- placingMac -->
        <test-method is-config="true" signature="tearDown()[pri:0, instance:testCases.TC002_OrderPlacing@341814d3]" started-at="2025-03-30T23:10:53 IST" name="tearDown" finished-at="2025-03-30T23:10:53 IST" duration-ms="193" status="PASS">
          <reporter-output>
          </reporter-output>
        </test-method> <!-- tearDown -->
        <test-method is-config="true" signature="tearDown()[pri:0, instance:testCases.TC002_OrderPlacing@341814d3]" started-at="2025-03-30T23:10:53 IST" name="tearDown" finished-at="2025-03-30T23:10:53 IST" duration-ms="1" status="PASS">
          <reporter-output>
          </reporter-output>
        </test-method> <!-- tearDown -->
      </class> <!-- testCases.TC002_OrderPlacing -->
      <class name="testCases.TC001_Login">
        <test-method is-config="true" signature="setup(java.lang.String,java.lang.String)[pri:0, instance:testCases.TC001_Login@5b67bb7e]" started-at="2025-03-30T23:10:29 IST" name="setup" finished-at="2025-03-30T23:10:34 IST" duration-ms="5038" status="PASS">
          <params>
            <param index="0">
              <value>
                <![CDATA[chrome]]>
              </value>
            </param>
            <param index="1">
              <value>
                <![CDATA[windows]]>
              </value>
            </param>
          </params>
          <reporter-output>
          </reporter-output>
        </test-method> <!-- setup -->
        <test-method signature="loginTest()[pri:0, instance:testCases.TC001_Login@5b67bb7e]" started-at="2025-03-30T23:10:34 IST" name="loginTest" finished-at="2025-03-30T23:10:44 IST" duration-ms="9661" status="PASS">
          <reporter-output>
          </reporter-output>
        </test-method> <!-- loginTest -->
        <test-method is-config="true" signature="tearDown()[pri:0, instance:testCases.TC001_Login@5b67bb7e]" started-at="2025-03-30T23:10:44 IST" name="tearDown" finished-at="2025-03-30T23:10:44 IST" duration-ms="401" status="PASS">
          <reporter-output>
          </reporter-output>
        </test-method> <!-- tearDown -->
        <test-method is-config="true" signature="tearDown()[pri:0, instance:testCases.TC001_Login@5b67bb7e]" started-at="2025-03-30T23:10:44 IST" name="tearDown" finished-at="2025-03-30T23:10:44 IST" duration-ms="0" status="PASS">
          <reporter-output>
          </reporter-output>
        </test-method> <!-- tearDown -->
      </class> <!-- testCases.TC001_Login -->
    </test> <!-- Test -->
  </suite> <!-- Master -->
</testng-results>
