<?xml version="1.0" encoding="UTF-8"?>
<!-- Generated by org.testng.reporters.JUnitXMLReporter -->
<testsuite ignored="0" hostname="LAPTOP-I6FQFRR3" failures="0" tests="3" name="Test" time="31.671" errors="0" timestamp="2025-03-30T23:11:02 IST">
  <testcase classname="testCases.TC001_Login" name="loginTest" time="9.661"/>
  <testcase classname="testCases.TC002_OrderPlacing" name="placingMac" time="5.359"/>
  <testcase classname="testCases.TC003_Registration" name="Register" time="5.069"/>
</testsuite> <!-- Test -->
