<?xml version="1.0" encoding="UTF-8"?>
<!-- Generated by org.testng.reporters.JUnitXMLReporter -->
<testsuite ignored="0" hostname="LAPTOP-I6FQFRR3" failures="0" tests="3" name="Test" time="27.6" errors="0" timestamp="2025-03-28T20:34:27 IST">
  <testcase classname="testCases.TC001_Login" name="loginTest" time="8.228"/>
  <testcase classname="testCases.TC002_OrderPlacing" name="placingMac" time="4.695"/>
  <testcase classname="testCases.TC003_Registration" name="Register" time="5.706"/>
</testsuite> <!-- Test -->
